[0m11:25:03.743120 [debug] [MainThread]: Sending event: {'category': 'dbt', 'action': 'invocation', 'label': 'start', 'context': [<snowplow_tracker.self_describing_json.SelfDescribingJson object at 0x10987d6a0>, <snowplow_tracker.self_describing_json.SelfDescribingJson object at 0x10ac82710>, <snowplow_tracker.self_describing_json.SelfDescribingJson object at 0x10ac82990>]}


============================== 11:25:03.744959 | 138afb12-00da-4585-a608-8ce6e9d3df4b ==============================
[0m11:25:03.744959 [info ] [MainThread]: Running with dbt=1.11.11
[0m11:25:03.745166 [debug] [MainThread]: running dbt with arguments {'write_json': 'True', 'debug': 'False', 'introspect': 'True', 'use_colors': 'True', 'fail_fast': 'False', 'log_path': 'logs', 'profiles_dir': '/Users/mostafizemon/.dbt', 'partial_parse': 'True', 'printer_width': '80', 'use_experimental_parser': 'False', 'warn_error': 'None', 'cache_selected_only': 'False', 'log_format': 'default', 'no_print': 'None', 'target_path': 'None', 'log_cache_events': 'False', 'static_parser': 'True', 'send_anonymous_usage_stats': 'True', 'version_check': 'True', 'invocation_command': 'dbt init transform_jobs', 'quiet': 'False', 'indirect_selection': 'eager', 'empty': 'None', 'warn_error_options': 'WarnErrorOptionsV2(error=[], warn=[], silence=[])'}
[0m11:25:03.748313 [info ] [MainThread]: Creating dbt configuration folder at /Users/mostafizemon/.dbt
[0m11:25:03.748830 [debug] [MainThread]: Starter project path: /Users/mostafizemon/Project/tech-job-pipeline/venv/lib/python3.14/site-packages/dbt/include/starter_project
[0m11:25:03.750625 [info ] [MainThread]: 
Your new dbt project "transform_jobs" was created!

For more information on how to configure the profiles.yml file,
please consult the dbt documentation here:

  https://docs.getdbt.com/docs/configure-your-profile

One more thing:

Need help? Don't hesitate to reach out to us via GitHub issues or on Slack:

  https://community.getdbt.com/

Happy modeling!

[0m11:25:03.750730 [info ] [MainThread]: Setting up your profile.
[0m11:25:38.164644 [info ] [MainThread]: Profile transform_jobs written to /Users/mostafizemon/.dbt/profiles.yml using target's sample configuration. Once updated, you'll be able to start developing with dbt.
[0m11:25:38.191199 [debug] [MainThread]: Resource report: {"command_name": "init", "command_success": true, "command_wall_clock_time": 34.476612, "process_in_blocks": "0", "process_kernel_time": 0.105411, "process_mem_max_rss": "143245312", "process_out_blocks": "0", "process_user_time": 0.559626}
[0m11:25:38.191465 [debug] [MainThread]: Command `dbt init` succeeded at 11:25:38.191420 after 34.48 seconds
[0m11:25:38.191603 [debug] [MainThread]: Sending event: {'category': 'dbt', 'action': 'invocation', 'label': 'end', 'context': [<snowplow_tracker.self_describing_json.SelfDescribingJson object at 0x10ad86520>, <snowplow_tracker.self_describing_json.SelfDescribingJson object at 0x10ae05910>, <snowplow_tracker.self_describing_json.SelfDescribingJson object at 0x108511150>]}
[0m11:25:38.191740 [debug] [MainThread]: Flushing usage events
[0m11:25:39.227949 [debug] [MainThread]: An error was encountered while trying to flush usage events
